Determining if the pthread_create exist failed with the following output:
Change Dir: /home/wbusch/Descargas/TP Labo 01/cmake-build-debug/CMakeFiles/CMakeTmp

Run Build Command:"/usr/bin/make" "cmTC_3f637/fast"
/usr/bin/make -f CMakeFiles/cmTC_3f637.dir/build.make CMakeFiles/cmTC_3f637.dir/build
make[1]: se entra en el directorio '/home/wbusch/Descargas/TP Labo 01/cmake-build-debug/CMakeFiles/CMakeTmp'
Building C object CMakeFiles/cmTC_3f637.dir/CheckSymbolExists.c.o
/usr/bin/cc    -o CMakeFiles/cmTC_3f637.dir/CheckSymbolExists.c.o   -c "/home/wbusch/Descargas/TP Labo 01/cmake-build-debug/CMakeFiles/CMakeTmp/CheckSymbolExists.c"
Linking C executable cmTC_3f637
/opt/clion-2017.2/bin/cmake/bin/cmake -E cmake_link_script CMakeFiles/cmTC_3f637.dir/link.txt --verbose=1
/usr/bin/cc      -rdynamic CMakeFiles/cmTC_3f637.dir/CheckSymbolExists.c.o  -o cmTC_3f637 
CMakeFiles/cmTC_3f637.dir/CheckSymbolExists.c.o: En la función `main':
CheckSymbolExists.c:(.text+0x16): referencia a `pthread_create' sin definir
collect2: error: ld returned 1 exit status
CMakeFiles/cmTC_3f637.dir/build.make:97: fallo en las instrucciones para el objetivo 'cmTC_3f637'
make[1]: *** [cmTC_3f637] Error 1
make[1]: se sale del directorio '/home/wbusch/Descargas/TP Labo 01/cmake-build-debug/CMakeFiles/CMakeTmp'
Makefile:126: fallo en las instrucciones para el objetivo 'cmTC_3f637/fast'
make: *** [cmTC_3f637/fast] Error 2

File /home/wbusch/Descargas/TP Labo 01/cmake-build-debug/CMakeFiles/CMakeTmp/CheckSymbolExists.c:
/* */
#include <pthread.h>

int main(int argc, char** argv)
{
  (void)argv;
#ifndef pthread_create
  return ((int*)(&pthread_create))[argc];
#else
  (void)argc;
  return 0;
#endif
}

Determining if the function pthread_create exists in the pthreads failed with the following output:
Change Dir: /home/wbusch/Descargas/TP Labo 01/cmake-build-debug/CMakeFiles/CMakeTmp

Run Build Command:"/usr/bin/make" "cmTC_87491/fast"
/usr/bin/make -f CMakeFiles/cmTC_87491.dir/build.make CMakeFiles/cmTC_87491.dir/build
make[1]: se entra en el directorio '/home/wbusch/Descargas/TP Labo 01/cmake-build-debug/CMakeFiles/CMakeTmp'
Building C object CMakeFiles/cmTC_87491.dir/CheckFunctionExists.c.o
/usr/bin/cc   -DCHECK_FUNCTION_EXISTS=pthread_create   -o CMakeFiles/cmTC_87491.dir/CheckFunctionExists.c.o   -c /opt/clion-2017.2/bin/cmake/share/cmake-3.8/Modules/CheckFunctionExists.c
Linking C executable cmTC_87491
/opt/clion-2017.2/bin/cmake/bin/cmake -E cmake_link_script CMakeFiles/cmTC_87491.dir/link.txt --verbose=1
/usr/bin/cc  -DCHECK_FUNCTION_EXISTS=pthread_create    -rdynamic CMakeFiles/cmTC_87491.dir/CheckFunctionExists.c.o  -o cmTC_87491 -lpthreads 
/usr/bin/ld: no se puede encontrar -lpthreads
collect2: error: ld returned 1 exit status
CMakeFiles/cmTC_87491.dir/build.make:97: fallo en las instrucciones para el objetivo 'cmTC_87491'
make[1]: *** [cmTC_87491] Error 1
make[1]: se sale del directorio '/home/wbusch/Descargas/TP Labo 01/cmake-build-debug/CMakeFiles/CMakeTmp'
Makefile:126: fallo en las instrucciones para el objetivo 'cmTC_87491/fast'
make: *** [cmTC_87491/fast] Error 2


